[themes.pixelstrap.com/fastkart/html/index.html]
[backblue.gif]
[fade.gif]
[index.html]
[themes.pixelstrap.com/fastkart/assets/images/favicon/1.png]
[fonts.googleapis.com/css24a5d.css]
[fonts.googleapis.com/css2ace9.css]
[fonts.googleapis.com/css21b5e.css]
[fonts.googleapis.com/css23d1e.css]
[fonts.googleapis.com/css25af9.css]
[themes.pixelstrap.com/fastkart/assets/css/vendors/bootstrap.css]
[themes.pixelstrap.com/fastkart/assets/css/animate.min.css]
[themes.pixelstrap.com/fastkart/assets/css/vendors/font-awesome.css]
[themes.pixelstrap.com/fastkart/assets/css/vendors/feather-icon.css]
[themes.pixelstrap.com/fastkart/assets/css/vendors/slick/slick.css]
[themes.pixelstrap.com/fastkart/assets/css/vendors/slick/slick-theme.css]
[themes.pixelstrap.com/fastkart/assets/css/bulk-style.css]
[themes.pixelstrap.com/fastkart/assets/css/vendors/animate.css]
[themes.pixelstrap.com/fastkart/assets/css/style.css]
[themes.pixelstrap.com/fastkart/html/shop-left-sidebar.html]
[themes.pixelstrap.com/fastkart/assets/images/country/united-states.png]
[themes.pixelstrap.com/fastkart/assets/images/country/united-kingdom.png]
[themes.pixelstrap.com/fastkart/assets/images/country/germany.png]
[themes.pixelstrap.com/fastkart/assets/images/country/turkish.png]
[themes.pixelstrap.com/fastkart/assets/images/logo/1.png]
[themes.pixelstrap.com/fastkart/html/contact-us.html]
[themes.pixelstrap.com/fastkart/html/wishlist.html]
[themes.pixelstrap.com/fastkart/html/product-left.html]
[themes.pixelstrap.com/fastkart/assets/images/vegetable/product/1.png]
[themes.pixelstrap.com/fastkart/assets/images/vegetable/product/2.png]
[themes.pixelstrap.com/fastkart/html/cart.html]
[themes.pixelstrap.com/fastkart/html/checkout.html]
[themes.pixelstrap.com/fastkart/html/log-in.html]
[themes.pixelstrap.com/fastkart/html/sign-up.html]
[themes.pixelstrap.com/fastkart/html/forgot.html]
[themes.pixelstrap.com/fastkart/assets/images/theme/1.jpg]
[themes.pixelstrap.com/fastkart/html/index-2.html]
[themes.pixelstrap.com/fastkart/assets/images/theme/2.jpg]
[themes.pixelstrap.com/fastkart/html/index-3.html]
[themes.pixelstrap.com/fastkart/assets/images/theme/3.jpg]
[themes.pixelstrap.com/fastkart/html/index-4.html]
[themes.pixelstrap.com/fastkart/assets/images/theme/4.jpg]
[themes.pixelstrap.com/fastkart/html/index-5.html]
[themes.pixelstrap.com/fastkart/assets/images/theme/5.jpg]
[themes.pixelstrap.com/fastkart/html/shop-category-slider.html]
[themes.pixelstrap.com/fastkart/html/shop-category.html]
[themes.pixelstrap.com/fastkart/html/shop-banner.html]
[themes.pixelstrap.com/fastkart/html/shop-list.html]
[themes.pixelstrap.com/fastkart/html/shop-right-sidebar.html]
[themes.pixelstrap.com/fastkart/html/shop-top-filter.html]
[themes.pixelstrap.com/fastkart/html/product-4-image.html]
[themes.pixelstrap.com/fastkart/html/product-bottom-thumbnail.html]
[themes.pixelstrap.com/fastkart/html/product-left-thumbnail.html]
[themes.pixelstrap.com/fastkart/html/product-right-thumbnail.html]
[themes.pixelstrap.com/fastkart/html/product-slider.html]
[themes.pixelstrap.com/fastkart/html/product-sticky.html]
[themes.pixelstrap.com/fastkart/html/blog-detail.html]
[themes.pixelstrap.com/fastkart/html/blog-grid.html]
[themes.pixelstrap.com/fastkart/html/blog-list.html]
[themes.pixelstrap.com/fastkart/html/404.html]
[themes.pixelstrap.com/fastkart/html/about-us.html]
[themes.pixelstrap.com/fastkart/html/coming-soon.html]
[themes.pixelstrap.com/fastkart/html/compare.html]
[themes.pixelstrap.com/fastkart/html/faq.html]
[themes.pixelstrap.com/fastkart/html/order-success.html]
[themes.pixelstrap.com/fastkart/html/order-tracking.html]
[themes.pixelstrap.com/fastkart/html/otp.html]
[themes.pixelstrap.com/fastkart/html/search.html]
[themes.pixelstrap.com/fastkart/html/user-dashboard.html]
[themes.pixelstrap.com/fastkart/assets/images/vegetable/banner/2.jpg]
[themes.pixelstrap.com/fastkart/assets/images/vegetable/banner/3.jpg]
[themes.pixelstrap.com/fastkart/assets/images/vegetable/banner/1.jpg]
[themes.pixelstrap.com/fastkart/assets/images/vegetable/banner/4.jpg]
[themes.pixelstrap.com/fastkart/assets/images/vegetable/banner/5.jpg]
[themes.pixelstrap.com/fastkart/assets/images/vegetable/banner/6.jpg]
[themes.pixelstrap.com/fastkart/assets/images/vegetable/banner/7.jpg]
[themes.pixelstrap.com/fastkart/assets/images/vegetable/banner/8.jpg]
[themes.pixelstrap.com/fastkart/assets/images/vegetable/banner/11.jpg]
[themes.pixelstrap.com/fastkart/assets/images/vegetable/product/23.png]
[themes.pixelstrap.com/fastkart/assets/images/vegetable/product/24.png]
[themes.pixelstrap.com/fastkart/assets/images/vegetable/product/25.png]
[themes.pixelstrap.com/fastkart/assets/images/vegetable/product/26.png]
[themes.pixelstrap.com/fastkart/assets/images/vegetable/review/1.jpg]
[themes.pixelstrap.com/fastkart/assets/images/vegetable/product/3.png]
[themes.pixelstrap.com/fastkart/assets/images/vegetable/product/4.png]
[themes.pixelstrap.com/fastkart/assets/images/vegetable/product/5.png]
[themes.pixelstrap.com/fastkart/assets/images/vegetable/product/6.png]
[themes.pixelstrap.com/fastkart/assets/images/vegetable/product/7.png]
[themes.pixelstrap.com/fastkart/assets/images/vegetable/product/8.png]
[themes.pixelstrap.com/fastkart/assets/images/vegetable/product/9.png]
[themes.pixelstrap.com/fastkart/assets/images/vegetable/product/10.png]
[themes.pixelstrap.com/fastkart/assets/images/vegetable/banner/9.jpg]
[themes.pixelstrap.com/fastkart/assets/images/vegetable/banner/10.jpg]
[themes.pixelstrap.com/fastkart/assets/images/vegetable/banner/15.jpg]
[themes.pixelstrap.com/fastkart/assets/images/vegetable/banner/12.jpg]
[themes.pixelstrap.com/fastkart/assets/images/vegetable/banner/13.jpg]
[themes.pixelstrap.com/fastkart/assets/images/vegetable/product/11.png]
[themes.pixelstrap.com/fastkart/assets/images/vegetable/product/12.png]
[themes.pixelstrap.com/fastkart/assets/images/vegetable/product/13.png]
[themes.pixelstrap.com/fastkart/assets/images/vegetable/product/14.png]
[themes.pixelstrap.com/fastkart/assets/images/vegetable/product/15.png]
[themes.pixelstrap.com/fastkart/assets/images/vegetable/product/16.png]
[themes.pixelstrap.com/fastkart/assets/images/vegetable/product/17.png]
[themes.pixelstrap.com/fastkart/assets/images/vegetable/product/18.png]
[themes.pixelstrap.com/fastkart/assets/images/vegetable/product/19.png]
[themes.pixelstrap.com/fastkart/assets/images/vegetable/product/20.png]
[themes.pixelstrap.com/fastkart/assets/images/vegetable/product/21.png]
[themes.pixelstrap.com/fastkart/assets/images/vegetable/product/22.png]
[themes.pixelstrap.com/fastkart/assets/images/vegetable/banner/14.jpg]
[themes.pixelstrap.com/fastkart/assets/images/vegetable/blog/1.jpg]
[themes.pixelstrap.com/fastkart/assets/images/vegetable/blog/2.jpg]
[themes.pixelstrap.com/fastkart/assets/images/vegetable/blog/3.jpg]
[themes.pixelstrap.com/fastkart/assets/images/payment/1.png]
[themes.pixelstrap.com/fastkart/assets/images/product/category/1.jpg]
[themes.pixelstrap.com/fastkart/assets/images/cookie-bar.png]
[themes.pixelstrap.com/fastkart/assets/js/jquery-3.6.0.min.js]
[themes.pixelstrap.com/fastkart/assets/js/jquery-ui.min.js]
[themes.pixelstrap.com/fastkart/assets/js/bootstrap/bootstrap.bundle.min.js]
[themes.pixelstrap.com/fastkart/assets/js/bootstrap/bootstrap-notify.min.js]
[themes.pixelstrap.com/fastkart/assets/js/bootstrap/popper.min.js]
[themes.pixelstrap.com/fastkart/assets/js/feather/feather.min.js]
[themes.pixelstrap.com/fastkart/assets/js/feather/feather-icon.js]
[themes.pixelstrap.com/fastkart/assets/js/lazysizes.min.js]
[themes.pixelstrap.com/fastkart/assets/js/slick/slick.js]
[themes.pixelstrap.com/fastkart/assets/js/slick/slick-animation.min.js]
[themes.pixelstrap.com/fastkart/assets/js/slick/custom_slick.js]
[themes.pixelstrap.com/fastkart/assets/js/auto-height.js]
[themes.pixelstrap.com/fastkart/assets/js/timer.js]
[themes.pixelstrap.com/fastkart/assets/js/fly-cart.js]
[themes.pixelstrap.com/fastkart/assets/js/quantity-2.js]
[themes.pixelstrap.com/fastkart/assets/js/wow.min.js]
[themes.pixelstrap.com/fastkart/assets/js/custom-wow.js]
[themes.pixelstrap.com/fastkart/assets/js/script.js]
[themes.pixelstrap.com/fastkart/assets/js/theme-setting.js]
[themes.pixelstrap.com/fastkart/html/index.html]
[fonts.gstatic.com/index.html]
[fonts.googleapis.com/css24a5d.css]
[fonts.googleapis.com/css2ace9.css]
[fonts.googleapis.com/css21b5e.css]
[fonts.googleapis.com/css23d1e.css]
[fonts.googleapis.com/css25af9.css]
[themes.pixelstrap.com/fastkart/assets/images/shop/1.jpg]
[themes.pixelstrap.com/fastkart/assets/images/cake/product/2.png]
[themes.pixelstrap.com/fastkart/assets/images/cake/product/3.png]
[themes.pixelstrap.com/fastkart/assets/images/cake/product/4.png]
[themes.pixelstrap.com/fastkart/assets/images/cake/product/5.png]
[themes.pixelstrap.com/fastkart/assets/images/cake/product/6.png]
[themes.pixelstrap.com/fastkart/assets/images/cake/product/7.png]
[themes.pixelstrap.com/fastkart/assets/images/cake/pro/1.jpg]
[themes.pixelstrap.com/fastkart/assets/js/ion.rangeSlider.min.js]
[themes.pixelstrap.com/fastkart/assets/js/filter-sidebar.js]
[themes.pixelstrap.com/fastkart/html/shop-left-sidebar.html]
[themes.pixelstrap.com/fastkart/assets/images/inner-page/contact-us.png]
[themes.pixelstrap.com/fastkart/assets/js/wizard.js]
[themes.pixelstrap.com/fastkart/html/contact-us.html]
[themes.pixelstrap.com/fastkart/html/wishlist.html]
[themes.pixelstrap.com/fastkart/assets/images/product/category/2.jpg]
[themes.pixelstrap.com/fastkart/assets/images/product/category/3.jpg]
[themes.pixelstrap.com/fastkart/assets/images/product/category/4.jpg]
[themes.pixelstrap.com/fastkart/assets/images/product/category/5.jpg]
[themes.pixelstrap.com/fastkart/assets/images/product/category/6.jpg]
[themes.pixelstrap.com/fastkart/assets/images/product/vendor.png]
[themes.pixelstrap.com/fastkart/assets/images/review/1.jpg]
[themes.pixelstrap.com/fastkart/assets/images/review/2.jpg]
[themes.pixelstrap.com/fastkart/assets/images/review/3.jpg]
[themes.pixelstrap.com/fastkart/assets/images/cake/product/11.png]
[themes.pixelstrap.com/fastkart/assets/js/custom-slick-animated.js]
[themes.pixelstrap.com/fastkart/assets/js/jquery.elevatezoom.js]
[themes.pixelstrap.com/fastkart/assets/js/zoom-filter.js]
[themes.pixelstrap.com/fastkart/assets/js/timer1.js]
[themes.pixelstrap.com/fastkart/html/product-left.html]
[themes.pixelstrap.com/fastkart/assets/js/quantity.js]
[themes.pixelstrap.com/fastkart/html/cart.html]
[themes.pixelstrap.com/fastkart/html/checkout.html]
[themes.pixelstrap.com/fastkart/assets/js/lusqsztk.js]
[themes.pixelstrap.com/fastkart/assets/images/inner-page/log-in.png]
[themes.pixelstrap.com/fastkart/assets/images/inner-page/google.png]
[themes.pixelstrap.com/fastkart/assets/images/inner-page/facebook.png]
[themes.pixelstrap.com/fastkart/html/log-in.html]
[themes.pixelstrap.com/fastkart/assets/images/inner-page/sign-up.png]
[themes.pixelstrap.com/fastkart/html/sign-up.html]
[themes.pixelstrap.com/fastkart/assets/images/inner-page/forgot.png]
[themes.pixelstrap.com/fastkart/html/forgot.html]
[themes.pixelstrap.com/fastkart/assets/images/favicon/2.png]
[themes.pixelstrap.com/fastkart/assets/images/logo/2.png]
[themes.pixelstrap.com/fastkart/assets/images/cake/banner/1.jpg]
[themes.pixelstrap.com/fastkart/assets/images/cake/banner/2.jpg]
[themes.pixelstrap.com/fastkart/assets/images/cake/banner/3.jpg]
[themes.pixelstrap.com/fastkart/assets/images/cake/banner/4.jpg]
[themes.pixelstrap.com/fastkart/assets/images/cake/banner/5.jpg]
[themes.pixelstrap.com/fastkart/assets/images/cake/banner/6.jpg]
[themes.pixelstrap.com/fastkart/assets/images/cake/banner/7.jpg]
[themes.pixelstrap.com/fastkart/assets/images/cake/banner/8.jpg]
[themes.pixelstrap.com/fastkart/assets/images/cake/product/1.png]
[themes.pixelstrap.com/fastkart/assets/images/cake/product/8.png]
[themes.pixelstrap.com/fastkart/assets/images/cake/product/9.png]
[themes.pixelstrap.com/fastkart/assets/images/cake/product/10.png]
[themes.pixelstrap.com/fastkart/assets/images/cake/pro/2.jpg]
[themes.pixelstrap.com/fastkart/assets/images/cake/pro/3.jpg]
[themes.pixelstrap.com/fastkart/assets/images/cake/pro/4.jpg]
[themes.pixelstrap.com/fastkart/assets/images/cake/pro/5.jpg]
[themes.pixelstrap.com/fastkart/assets/images/cake/pro/6.jpg]
[themes.pixelstrap.com/fastkart/assets/images/cake/banner/10.jpg]
[themes.pixelstrap.com/fastkart/html/index-2.html]
[themes.pixelstrap.com/fastkart/assets/images/cake/banner/9.jpg]
[themes.pixelstrap.com/fastkart/assets/images/cake/banner/11.jpg]
[themes.pixelstrap.com/fastkart/assets/images/favicon/3.png]
[themes.pixelstrap.com/fastkart/assets/images/veg-2/banner/2.jpg]
[themes.pixelstrap.com/fastkart/assets/images/veg-2/product/1.png]
[themes.pixelstrap.com/fastkart/assets/images/veg-2/banner/1.jpg]
[themes.pixelstrap.com/fastkart/assets/images/veg-2/product/2.png]
[themes.pixelstrap.com/fastkart/assets/images/veg-2/product/3.png]
[themes.pixelstrap.com/fastkart/assets/images/veg-2/product/4.png]
[themes.pixelstrap.com/fastkart/assets/images/veg-2/product/5.png]
[themes.pixelstrap.com/fastkart/assets/images/veg-2/product/6.png]
[themes.pixelstrap.com/fastkart/assets/images/veg-2/product/7.png]
[themes.pixelstrap.com/fastkart/assets/images/veg-2/product/8.png]
[themes.pixelstrap.com/fastkart/assets/images/veg-2/product/9.png]
[themes.pixelstrap.com/fastkart/assets/images/veg-2/product/10.png]
[themes.pixelstrap.com/fastkart/assets/images/veg-2/banner/3.jpg]
[themes.pixelstrap.com/fastkart/assets/images/veg-2/product/11.png]
[themes.pixelstrap.com/fastkart/assets/images/veg-2/product/12.png]
[themes.pixelstrap.com/fastkart/assets/images/veg-2/product/13.png]
[themes.pixelstrap.com/fastkart/assets/images/veg-2/product/14.png]
[themes.pixelstrap.com/fastkart/assets/images/veg-2/product/15.png]
[themes.pixelstrap.com/fastkart/assets/images/veg-2/product/16.png]
[themes.pixelstrap.com/fastkart/assets/images/veg-2/product/17.png]
[themes.pixelstrap.com/fastkart/assets/images/veg-2/product/18.png]
[themes.pixelstrap.com/fastkart/assets/images/veg-2/product/19.png]
[themes.pixelstrap.com/fastkart/assets/images/veg-2/product/20.png]
[themes.pixelstrap.com/fastkart/assets/images/veg-2/pro/1.jpg]
[themes.pixelstrap.com/fastkart/assets/images/veg-2/pro/2.jpg]
[themes.pixelstrap.com/fastkart/assets/images/veg-2/pro/3.jpg]
[themes.pixelstrap.com/fastkart/assets/images/veg-2/pro/4.jpg]
[themes.pixelstrap.com/fastkart/assets/images/veg-2/top-selling/1.jpg]
[themes.pixelstrap.com/fastkart/assets/images/veg-2/top-selling/2.jpg]
[themes.pixelstrap.com/fastkart/assets/images/veg-2/top-selling/3.jpg]
[themes.pixelstrap.com/fastkart/assets/images/veg-2/top-selling/4.jpg]
[themes.pixelstrap.com/fastkart/assets/images/veg-2/top-selling/5.jpg]
[themes.pixelstrap.com/fastkart/assets/images/veg-2/top-selling/6.jpg]
[themes.pixelstrap.com/fastkart/assets/images/veg-2/top-selling/7.jpg]
[themes.pixelstrap.com/fastkart/assets/images/veg-2/top-selling/8.jpg]
[themes.pixelstrap.com/fastkart/assets/images/veg-2/top-selling/9.jpg]
[themes.pixelstrap.com/fastkart/assets/images/veg-2/top-selling/10.jpg]
[themes.pixelstrap.com/fastkart/assets/images/veg-2/top-selling/11.jpg]
[themes.pixelstrap.com/fastkart/assets/images/veg-2/top-selling/12.jpg]
[themes.pixelstrap.com/fastkart/assets/images/veg-2/top-selling/13.jpg]
[themes.pixelstrap.com/fastkart/assets/images/veg-2/top-selling/14.jpg]
[themes.pixelstrap.com/fastkart/assets/images/veg-2/top-selling/15.jpg]
[themes.pixelstrap.com/fastkart/assets/images/veg-2/top-selling/16.jpg]
[themes.pixelstrap.com/fastkart/assets/images/veg-2/blog/1.jpg]
[themes.pixelstrap.com/fastkart/assets/images/veg-2/blog/2.jpg]
[themes.pixelstrap.com/fastkart/assets/images/veg-2/blog/3.jpg]
[themes.pixelstrap.com/fastkart/assets/images/veg-2/blog/4.jpg]
[themes.pixelstrap.com/fastkart/assets/images/veg-2/blog/5.jpg]
[themes.pixelstrap.com/fastkart/html/index-3.html]
[themes.pixelstrap.com/fastkart/assets/images/favicon/4.png]
[themes.pixelstrap.com/fastkart/assets/images/logo/3.png]
[themes.pixelstrap.com/fastkart/assets/images/icon/music.png]
[themes.pixelstrap.com/fastkart/assets/images/icon/hot-sale.png]
[themes.pixelstrap.com/fastkart/assets/images/veg-3/home/1.png]
[themes.pixelstrap.com/fastkart/assets/images/veg-3/home/2.png]
[themes.pixelstrap.com/fastkart/assets/images/veg-3/home/3.png]
[themes.pixelstrap.com/fastkart/assets/images/veg-3/home/4.png]
[themes.pixelstrap.com/fastkart/assets/images/veg-3/category/1.png]
[themes.pixelstrap.com/fastkart/assets/images/veg-3/category/2.png]
[themes.pixelstrap.com/fastkart/assets/images/veg-3/category/3.png]
[themes.pixelstrap.com/fastkart/assets/images/veg-3/category/4.png]
[themes.pixelstrap.com/fastkart/assets/images/veg-3/category/5.png]
[themes.pixelstrap.com/fastkart/assets/images/veg-3/category/6.png]
[themes.pixelstrap.com/fastkart/assets/images/veg-3/category/7.png]
[themes.pixelstrap.com/fastkart/assets/images/veg-3/category/8.png]
[themes.pixelstrap.com/fastkart/assets/images/veg-3/value/1.png]
[themes.pixelstrap.com/fastkart/assets/images/veg-3/value/2.png]
[themes.pixelstrap.com/fastkart/assets/images/veg-3/cate1/1.png]
[themes.pixelstrap.com/fastkart/assets/images/veg-3/cate1/2.png]
[themes.pixelstrap.com/fastkart/assets/images/veg-3/value/3.png]
[themes.pixelstrap.com/fastkart/assets/images/veg-3/cate1/3.png]
[themes.pixelstrap.com/fastkart/assets/images/veg-3/cate1/5.png]
[themes.pixelstrap.com/fastkart/assets/images/veg-3/cate1/6.png]
[themes.pixelstrap.com/fastkart/assets/images/veg-3/cate1/7.png]
[themes.pixelstrap.com/fastkart/assets/images/veg-3/cate1/9.png]
[themes.pixelstrap.com/fastkart/assets/images/veg-3/cate1/11.png]
[themes.pixelstrap.com/fastkart/assets/images/veg-3/cate1/12.png]
[themes.pixelstrap.com/fastkart/assets/images/veg-3/cate1/13.png]
[themes.pixelstrap.com/fastkart/assets/images/veg-3/cate1/15.png]
[themes.pixelstrap.com/fastkart/assets/images/veg-3/cate1/17.png]
[themes.pixelstrap.com/fastkart/assets/images/veg-3/cate1/18.png]
[themes.pixelstrap.com/fastkart/assets/images/veg-3/cate1/4.png]
[themes.pixelstrap.com/fastkart/assets/images/veg-3/cate1/10.png]
[themes.pixelstrap.com/fastkart/assets/images/veg-3/cate1/8.png]
[themes.pixelstrap.com/fastkart/assets/images/veg-3/cate1/14.png]
[themes.pixelstrap.com/fastkart/assets/images/veg-3/cate1/16.png]
[themes.pixelstrap.com/fastkart/assets/images/veg-3/banner/1.png]
[themes.pixelstrap.com/fastkart/assets/images/veg-3/banner/2.png]
[themes.pixelstrap.com/fastkart/assets/images/veg-3/pro1/1.png]
[themes.pixelstrap.com/fastkart/assets/images/veg-3/pro1/2.png]
[themes.pixelstrap.com/fastkart/assets/images/veg-3/pro1/3.png]
[themes.pixelstrap.com/fastkart/assets/images/veg-3/pro1/4.png]
[themes.pixelstrap.com/fastkart/assets/images/veg-3/pro1/5.png]
[themes.pixelstrap.com/fastkart/assets/images/veg-3/pro1/6.png]
[themes.pixelstrap.com/fastkart/assets/images/veg-3/pro1/7.png]
[themes.pixelstrap.com/fastkart/assets/images/veg-3/pro1/8.png]
[themes.pixelstrap.com/fastkart/assets/images/veg-3/pro1/9.png]
[themes.pixelstrap.com/fastkart/assets/images/veg-3/pro1/10.png]
[themes.pixelstrap.com/fastkart/assets/images/veg-3/pro1/11.png]
[themes.pixelstrap.com/fastkart/assets/images/veg-3/pro1/12.png]
[themes.pixelstrap.com/fastkart/assets/images/veg-3/banner/3.png]
[themes.pixelstrap.com/fastkart/assets/images/veg-3/blog/1.jpg]
[themes.pixelstrap.com/fastkart/assets/images/veg-3/blog/2.jpg]
[themes.pixelstrap.com/fastkart/assets/images/veg-3/blog/3.jpg]
[themes.pixelstrap.com/fastkart/assets/images/veg-3/shape/background.png]
[themes.pixelstrap.com/fastkart/assets/images/veg-3/shape/basket.png]
[themes.pixelstrap.com/fastkart/assets/images/icon/paymant/visa.png]
[themes.pixelstrap.com/fastkart/assets/images/icon/paymant/discover.png]
[themes.pixelstrap.com/fastkart/assets/images/icon/paymant/american.png]
[themes.pixelstrap.com/fastkart/assets/images/icon/paymant/master-card.png]
[themes.pixelstrap.com/fastkart/assets/images/icon/paymant/giro-pay.png]
[themes.pixelstrap.com/fastkart/assets/js/timer2.js]
[themes.pixelstrap.com/fastkart/assets/js/timer3.js]
[themes.pixelstrap.com/fastkart/html/index-4.html]
[themes.pixelstrap.com/fastkart/assets/images/favicon/5.png]
[fonts.googleapis.com/css28312.css]
[themes.pixelstrap.com/fastkart/assets/css/vendors/ion.rangeSlider.min.css]
[themes.pixelstrap.com/fastkart/assets/css/font-style.css]
[themes.pixelstrap.com/fastkart/assets/images/logo/4.png]
[themes.pixelstrap.com/fastkart/assets/images/icon/support.png]
[themes.pixelstrap.com/fastkart/assets/images/icon/mobile.png]
[themes.pixelstrap.com/fastkart/assets/images/grocery/banner/2.jpg]
[themes.pixelstrap.com/fastkart/assets/images/grocery/banner/1.jpg]
[themes.pixelstrap.com/fastkart/assets/images/grocery/banner/3.jpg]
[themes.pixelstrap.com/fastkart/assets/images/grocery/banner/4.jpg]
[themes.pixelstrap.com/fastkart/assets/images/grocery/banner/5.jpg]
[themes.pixelstrap.com/fastkart/assets/images/grocery/category/1.png]
[themes.pixelstrap.com/fastkart/assets/images/grocery/category/2.png]
[themes.pixelstrap.com/fastkart/assets/images/grocery/category/3.png]
[themes.pixelstrap.com/fastkart/assets/images/grocery/category/4.png]
[themes.pixelstrap.com/fastkart/assets/images/grocery/category/5.png]
[themes.pixelstrap.com/fastkart/assets/images/grocery/category/6.png]
[themes.pixelstrap.com/fastkart/assets/images/grocery/category/7.png]
[themes.pixelstrap.com/fastkart/assets/images/grocery/category/8.png]
[themes.pixelstrap.com/fastkart/assets/images/grocery/product/fruits-vegetables/1.png]
[themes.pixelstrap.com/fastkart/assets/images/grocery/product/fruits-vegetables/2.png]
[themes.pixelstrap.com/fastkart/assets/images/grocery/product/fruits-vegetables/3.png]
[themes.pixelstrap.com/fastkart/assets/images/grocery/product/fruits-vegetables/4.png]
[themes.pixelstrap.com/fastkart/assets/images/grocery/product/fruits-vegetables/5.png]
[themes.pixelstrap.com/fastkart/assets/images/grocery/product/fruits-vegetables/6.png]
[themes.pixelstrap.com/fastkart/assets/images/grocery/product/fruits-vegetables/7.png]
[themes.pixelstrap.com/fastkart/assets/images/grocery/product/fruits-vegetables/8.png]
[themes.pixelstrap.com/fastkart/assets/images/grocery/bank/name/1.png]
[themes.pixelstrap.com/fastkart/assets/images/grocery/bank/name/2.png]
[themes.pixelstrap.com/fastkart/assets/images/grocery/bank/name/3.png]
[themes.pixelstrap.com/fastkart/assets/images/grocery/deal/big.png]
[themes.pixelstrap.com/fastkart/assets/images/grocery/deal/1.png]
[themes.pixelstrap.com/fastkart/assets/images/grocery/deal/2.png]
[themes.pixelstrap.com/fastkart/assets/images/grocery/deal/3.png]
[themes.pixelstrap.com/fastkart/assets/images/grocery/deal/4.png]
[themes.pixelstrap.com/fastkart/assets/images/grocery/deal/5.png]
[themes.pixelstrap.com/fastkart/assets/images/grocery/deal/6.png]
[themes.pixelstrap.com/fastkart/assets/images/grocery/deal/7.png]
[themes.pixelstrap.com/fastkart/assets/images/grocery/deal/8.png]
[themes.pixelstrap.com/fastkart/assets/images/grocery/deal/9.png]
[themes.pixelstrap.com/fastkart/assets/images/grocery/product/breakfast/1.png]
[themes.pixelstrap.com/fastkart/assets/images/grocery/product/breakfast/2.png]
[themes.pixelstrap.com/fastkart/assets/images/grocery/product/breakfast/3.png]
[themes.pixelstrap.com/fastkart/assets/images/grocery/product/breakfast/4.png]
[themes.pixelstrap.com/fastkart/assets/images/grocery/product/breakfast/5.png]
[themes.pixelstrap.com/fastkart/assets/images/grocery/product/breakfast/6.png]
[themes.pixelstrap.com/fastkart/assets/images/grocery/product/breakfast/7.png]
[themes.pixelstrap.com/fastkart/assets/images/grocery/product/breakfast/8.png]
[themes.pixelstrap.com/fastkart/assets/images/grocery/product/chemist/1.png]
[themes.pixelstrap.com/fastkart/assets/images/grocery/product/chemist/2.png]
[themes.pixelstrap.com/fastkart/assets/images/grocery/product/chemist/3.png]
[themes.pixelstrap.com/fastkart/assets/images/grocery/product/chemist/4.png]
[themes.pixelstrap.com/fastkart/assets/images/grocery/product/chemist/5.png]
[themes.pixelstrap.com/fastkart/assets/images/grocery/product/chemist/6.png]
[themes.pixelstrap.com/fastkart/assets/images/grocery/product/chemist/7.png]
[themes.pixelstrap.com/fastkart/assets/images/grocery/product/chemist/8.png]
[themes.pixelstrap.com/fastkart/assets/images/grocery/banner/6.jpg]
[themes.pixelstrap.com/fastkart/assets/images/grocery/banner/7.jpg]
[themes.pixelstrap.com/fastkart/assets/images/grocery/product/drink/1.png]
[themes.pixelstrap.com/fastkart/assets/images/grocery/product/drink/2.png]
[themes.pixelstrap.com/fastkart/assets/images/grocery/product/drink/3.png]
[themes.pixelstrap.com/fastkart/assets/images/grocery/product/drink/4.png]
[themes.pixelstrap.com/fastkart/assets/images/grocery/product/drink/5.png]
[themes.pixelstrap.com/fastkart/assets/images/grocery/product/drink/6.png]
[themes.pixelstrap.com/fastkart/assets/images/grocery/product/drink/7.png]
[themes.pixelstrap.com/fastkart/assets/images/grocery/product/drink/8.png]
[themes.pixelstrap.com/fastkart/assets/images/grocery/product/grocery/1.png]
[themes.pixelstrap.com/fastkart/assets/images/grocery/product/grocery/2.png]
[themes.pixelstrap.com/fastkart/assets/images/grocery/product/grocery/3.png]
[themes.pixelstrap.com/fastkart/assets/images/grocery/product/grocery/4.png]
[themes.pixelstrap.com/fastkart/assets/images/grocery/product/grocery/5.png]
[themes.pixelstrap.com/fastkart/assets/images/grocery/product/grocery/6.png]
[themes.pixelstrap.com/fastkart/assets/images/grocery/product/grocery/7.png]
[themes.pixelstrap.com/fastkart/assets/images/grocery/product/grocery/8.png]
[themes.pixelstrap.com/fastkart/assets/images/grocery/banner/8.png]
[themes.pixelstrap.com/fastkart/assets/images/grocery/banner/9.jpg]
[themes.pixelstrap.com/fastkart/assets/images/grocery/product/personal-care/1.png]
[themes.pixelstrap.com/fastkart/assets/images/grocery/product/personal-care/2.png]
[themes.pixelstrap.com/fastkart/assets/images/grocery/product/personal-care/3.png]
[themes.pixelstrap.com/fastkart/assets/images/grocery/product/personal-care/4.png]
[themes.pixelstrap.com/fastkart/assets/images/grocery/product/personal-care/5.png]
[themes.pixelstrap.com/fastkart/assets/images/grocery/product/personal-care/6.png]
[themes.pixelstrap.com/fastkart/assets/images/grocery/product/personal-care/7.png]
[themes.pixelstrap.com/fastkart/assets/images/grocery/product/personal-care/8.png]
[themes.pixelstrap.com/fastkart/assets/images/grocery/product/kichen/1.png]
[themes.pixelstrap.com/fastkart/assets/images/grocery/product/kichen/2.png]
[themes.pixelstrap.com/fastkart/assets/images/grocery/product/kichen/3.png]
[themes.pixelstrap.com/fastkart/assets/images/grocery/product/kichen/4.png]
[themes.pixelstrap.com/fastkart/assets/images/grocery/product/kichen/5.png]
[themes.pixelstrap.com/fastkart/assets/images/grocery/product/kichen/6.png]
[themes.pixelstrap.com/fastkart/assets/images/grocery/product/kichen/7.png]
[themes.pixelstrap.com/fastkart/assets/images/grocery/product/kichen/8.png]
[themes.pixelstrap.com/fastkart/assets/images/grocery/blog/1.jpg]
[themes.pixelstrap.com/fastkart/assets/images/grocery/blog/2.jpg]
[themes.pixelstrap.com/fastkart/assets/images/grocery/blog/3.jpg]
[themes.pixelstrap.com/fastkart/assets/js/clipboard.min.js]
[themes.pixelstrap.com/fastkart/assets/js/copy-clipboard.js]
[themes.pixelstrap.com/fastkart/html/index-5.html]
[themes.pixelstrap.com/fastkart/html/shop-category-slider.html]
[themes.pixelstrap.com/fastkart/html/shop-category.html]
[themes.pixelstrap.com/fastkart/html/shop-banner.html]
[themes.pixelstrap.com/fastkart/html/shop-list.html]
[themes.pixelstrap.com/fastkart/html/shop-right-sidebar.html]
[themes.pixelstrap.com/fastkart/html/shop-top-filter.html]
[themes.pixelstrap.com/fastkart/html/product-4-image.html]
[themes.pixelstrap.com/fastkart/html/product-bottom-thumbnail.html]
[themes.pixelstrap.com/fastkart/html/product-left-thumbnail.html]
[themes.pixelstrap.com/fastkart/html/product-right-thumbnail.html]
[themes.pixelstrap.com/fastkart/html/product-slider.html]
[themes.pixelstrap.com/fastkart/html/product-sticky.html]
[themes.pixelstrap.com/fastkart/html/demo-personal-portfolio.html]
[themes.pixelstrap.com/fastkart/assets/images/inner-page/blog/1.jpg]
[themes.pixelstrap.com/fastkart/assets/images/inner-page/blog/3.jpg]
[themes.pixelstrap.com/fastkart/assets/images/inner-page/blog/2.jpg]
[themes.pixelstrap.com/fastkart/assets/images/inner-page/user/1.jpg]
[themes.pixelstrap.com/fastkart/assets/images/inner-page/blog/4.jpg]
[themes.pixelstrap.com/fastkart/assets/images/inner-page/user/2.jpg]
[themes.pixelstrap.com/fastkart/assets/images/inner-page/user/3.jpg]
[themes.pixelstrap.com/fastkart/html/blog-detail.html]
[themes.pixelstrap.com/fastkart/html/blog-grid.html]
[themes.pixelstrap.com/fastkart/html/blog-list.html]
[themes.pixelstrap.com/fastkart/assets/images/inner-page/blog/5.jpg]
[cdnjs.cloudflare.com/ajax/libs/animate.css/4.0.0/animate.compat.css]
[themes.pixelstrap.com/fastkart/assets/images/inner-page/404.png]
[themes.pixelstrap.com/fastkart/html/404.html]
[themes.pixelstrap.com/fastkart/assets/images/inner-page/about-us/1.jpg]
[themes.pixelstrap.com/fastkart/assets/images/inner-page/about-us/2.jpg]
[fonts.googleapis.com/css26584.css]
[themes.pixelstrap.com/fastkart/html/about-us.html]
[themes.pixelstrap.com/fastkart/html/coming-soon.html]
[themes.pixelstrap.com/fastkart/assets/images/inner-page/user/4.jpg]
[themes.pixelstrap.com/fastkart/assets/images/inner-page/compare/1.png]
[themes.pixelstrap.com/fastkart/assets/images/inner-page/compare/2.png]
[themes.pixelstrap.com/fastkart/assets/images/inner-page/compare/3.png]
[themes.pixelstrap.com/fastkart/assets/images/inner-page/compare/4.png]
[themes.pixelstrap.com/fastkart/html/compare.html]
[themes.pixelstrap.com/fastkart/assets/js/table-column-remove.js]
[themes.pixelstrap.com/fastkart/assets/images/inner-page/faq/start.png]
[themes.pixelstrap.com/fastkart/assets/images/inner-page/faq/help.png]
[themes.pixelstrap.com/fastkart/assets/images/inner-page/faq/price.png]
[themes.pixelstrap.com/fastkart/assets/images/inner-page/faq/contact.png]
[themes.pixelstrap.com/fastkart/html/faq.html]
[themes.pixelstrap.com/fastkart/assets/images/inner-page/order-success.png]
[themes.pixelstrap.com/fastkart/html/order-success.html]
[themes.pixelstrap.com/fastkart/html/order-tracking.html]
[themes.pixelstrap.com/fastkart/assets/images/inner-page/otp.png]
[themes.pixelstrap.com/fastkart/assets/js/otp.js]
[themes.pixelstrap.com/fastkart/html/otp.html]
[themes.pixelstrap.com/fastkart/html/search.html]
[themes.pixelstrap.com/fastkart/assets/images/inner-page/cover-img.jpg]
[themes.pixelstrap.com/fastkart/assets/images/payment-icon/1.jpg]
[themes.pixelstrap.com/fastkart/assets/images/payment-icon/2.jpg]
[themes.pixelstrap.com/fastkart/assets/images/payment-icon/3.jpg]
[themes.pixelstrap.com/fastkart/assets/images/inner-page/dashboard-profile.png]
[themes.pixelstrap.com/fastkart/html/user-dashboard.html]
[themes.pixelstrap.com/fastkart/html/product-left-2.html]
[themes.pixelstrap.com/fastkart/html/www.facebook.html]
[themes.pixelstrap.com/fastkart/html/www.goolge.html]
[themes.pixelstrap.com/fastkart/html/www.twitter.html]
[themes.pixelstrap.com/fastkart/html/www.instagram.html]
[themes.pixelstrap.com/fastkart/html/www.pinterest.html]
[themes.pixelstrap.com/fastkart/html/term_condition.html]
[themes.pixelstrap.com/fastkart/html/careers.html]
[themes.pixelstrap.com/fastkart/html/vegetables-demo.html]
[themes.pixelstrap.com/fastkart/html/spice-demo.html]
[themes.pixelstrap.com/fastkart/html/bags-demo.html]
[themes.pixelstrap.com/fastkart/html/bakery-demo.html]
[themes.pixelstrap.com/fastkart/html/grocery-demo.html]
[fonts.googleapis.com/css28312.css]
[fonts.googleapis.com/css26584.css]
[themes.pixelstrap.com/fastkart/html/product.left-sidebar.html]
[themes.pixelstrap.com/fastkart/assets/images/theme/5.jpg]
[themes.pixelstrap.com/fastkart/assets/css/vendors/bootstrap.css]
[themes.pixelstrap.com/fastkart/assets/images/vegetable/banner/1.jpg]
[themes.pixelstrap.com/fastkart/assets/css/animate.min.css]
[themes.pixelstrap.com/fastkart/assets/images/vegetable/banner/8.jpg]
[themes.pixelstrap.com/fastkart/assets/css/vendors/font-awesome.css]
[themes.pixelstrap.com/fastkart/assets/css/vendors/feather-icon.css]
[themes.pixelstrap.com/fastkart/assets/images/vegetable/banner/11.jpg]
[themes.pixelstrap.com/fastkart/assets/css/vendors/slick/slick.css]
[themes.pixelstrap.com/fastkart/assets/js/jquery-ui.min.js]
[themes.pixelstrap.com/fastkart/assets/images/shop/1.jpg]
[themes.pixelstrap.com/fastkart/assets/js/lusqsztk.js]
[themes.pixelstrap.com/fastkart/assets/css/vendors/slick/ajax-loader.gif]
[themes.pixelstrap.com/fastkart/assets/images/cake/banner/1.jpg]
[themes.pixelstrap.com/fastkart/assets/images/cake/banner/2.jpg]
[themes.pixelstrap.com/fastkart/assets/images/cake/banner/3.jpg]
[themes.pixelstrap.com/fastkart/assets/css/vendors/slick/fonts/slick.eot]
[themes.pixelstrap.com/fastkart/assets/images/cake/banner/10.jpg]
[themes.pixelstrap.com/fastkart/assets/images/cake/banner/9.jpg]
[themes.pixelstrap.com/fastkart/assets/images/cake/banner/4.jpg]
[themes.pixelstrap.com/fastkart/assets/css/vendors/slick/fonts/slickd41d.eot]
[themes.pixelstrap.com/fastkart/assets/images/cake/banner/11.jpg]
[themes.pixelstrap.com/fastkart/assets/images/veg-2/banner/3.jpg]
[themes.pixelstrap.com/fastkart/assets/images/veg-2/banner/1.jpg]
[themes.pixelstrap.com/fastkart/assets/images/veg-3/home/1.png]
[themes.pixelstrap.com/fastkart/assets/css/vendors/slick/fonts/slick.woff]
[themes.pixelstrap.com/fastkart/assets/images/veg-3/value/2.png]
[themes.pixelstrap.com/fastkart/assets/images/veg-3/home/3.png]
[themes.pixelstrap.com/fastkart/assets/css/vendors/slick/fonts/slick.ttf]
[themes.pixelstrap.com/fastkart/assets/images/veg-3/banner/2.png]
[themes.pixelstrap.com/fastkart/assets/images/veg-3/banner/1.png]
[themes.pixelstrap.com/fastkart/assets/css/vendors/slick/slick-theme.css]
[themes.pixelstrap.com/fastkart/assets/images/veg-3/blog/1.jpg]
[themes.pixelstrap.com/fastkart/assets/images/veg-3/blog/2.jpg]
[themes.pixelstrap.com/fastkart/assets/images/veg-3/blog/3.jpg]
[themes.pixelstrap.com/fastkart/assets/images/veg-3/shape/background.png]
[themes.pixelstrap.com/fastkart/assets/images/veg-3/shape/basket.png]
[themes.pixelstrap.com/fastkart/assets/images/icon/paymant/discover.png]
[themes.pixelstrap.com/fastkart/assets/images/icon/paymant/american.png]
[themes.pixelstrap.com/fastkart/assets/images/icon/paymant/master-card.png]
[themes.pixelstrap.com/fastkart/assets/images/grocery/banner/1.jpg]
[themes.pixelstrap.com/fastkart/assets/images/grocery/blog/1.jpg]
[themes.pixelstrap.com/fastkart/assets/css/bulk-style.css]
[themes.pixelstrap.com/fastkart/assets/images/inner-page/blog/1.jpg]
[themes.pixelstrap.com/fastkart/assets/images/inner-page/blog/2.jpg]
[themes.pixelstrap.com/fastkart/assets/images/inner-page/blog/4.jpg]
[themes.pixelstrap.com/fastkart/assets/css/vendors/animate.css]
[themes.pixelstrap.com/fastkart/assets/images/inner-page/user/2.jpg]
[themes.pixelstrap.com/fastkart/assets/images/inner-page/blog/5.jpg]
[themes.pixelstrap.com/fastkart/assets/images/inner-page/user/4.jpg]
[themes.pixelstrap.com/fastkart/assets/images/inner-page/compare/4.png]
[themes.pixelstrap.com/fastkart/assets/images/inner-page/compare/3.png]
[themes.pixelstrap.com/fastkart/assets/images/inner-page/cover-img.jpg]
[themes.pixelstrap.com/fastkart/assets/images/vegetable/shape.png]
[themes.pixelstrap.com/fastkart/assets/images/cake/bg.jpg]
[themes.pixelstrap.com/fastkart/assets/images/vegetable/footer-shape.png]
[themes.pixelstrap.com/fastkart/assets/images/vegetable/footer-shape-2.png]
[themes.pixelstrap.com/fastkart/assets/images/bg-body.png]
[themes.pixelstrap.com/fastkart/assets/images/veg-3/home-bg.png]
[themes.pixelstrap.com/fastkart/assets/images/vegetable/newsletter/1.jpg]
[themes.pixelstrap.com/fastkart/assets/images/vegetable/newsletter/2.jpg]
[themes.pixelstrap.com/fastkart/assets/images/bg.png]
[themes.pixelstrap.com/fastkart/assets/images/veg-3/shape/circle.png]
[themes.pixelstrap.com/fastkart/assets/images/grocery/banner/10.png]
[themes.pixelstrap.com/fastkart/assets/images/grocery/bg.jpg]
[themes.pixelstrap.com/fastkart/assets/images/inner-page/coming-soon.jpg]
[themes.pixelstrap.com/fastkart/assets/images/inner-page/log-in-bg.png]
[themes.pixelstrap.com/fastkart/assets/css/style.css]
[themes.pixelstrap.com/fastkart/assets/svg/1/vegetable.svg]
[themes.pixelstrap.com/fastkart/assets/svg/1/cup.svg]
[themes.pixelstrap.com/fastkart/assets/svg/1/meats.svg]
[themes.pixelstrap.com/fastkart/assets/svg/1/breakfast.svg]
[themes.pixelstrap.com/fastkart/assets/svg/1/frozen.svg]
[themes.pixelstrap.com/fastkart/assets/svg/1/biscuit.svg]
[themes.pixelstrap.com/fastkart/assets/svg/1/grocery.svg]
[themes.pixelstrap.com/fastkart/html/shop-category-slider.html]
[themes.pixelstrap.com/fastkart/assets/svg/1/drink.svg]
[themes.pixelstrap.com/fastkart/assets/svg/1/milk.svg]
[themes.pixelstrap.com/fastkart/assets/svg/1/pet.svg]
[themes.pixelstrap.com/fastkart/assets/svg/leaf.svg]
[themes.pixelstrap.com/fastkart/assets/svg/product.svg]
[themes.pixelstrap.com/fastkart/assets/svg/delivery.svg]
[themes.pixelstrap.com/fastkart/assets/svg/discount.svg]
[themes.pixelstrap.com/fastkart/assets/svg/market.svg]
[themes.pixelstrap.com/fastkart/assets/images/playstore.svg]
[themes.pixelstrap.com/fastkart/assets/images/appstore.svg]
[themes.pixelstrap.com/fastkart/assets/svg/grid-3.svg]
[themes.pixelstrap.com/fastkart/assets/svg/grid-4.svg]
[themes.pixelstrap.com/fastkart/assets/svg/grid.svg]
[themes.pixelstrap.com/fastkart/assets/svg/list.svg]
[themes.pixelstrap.com/fastkart/assets/images/product/payment/1.svg]
[themes.pixelstrap.com/fastkart/assets/images/product/payment/2.svg]
[themes.pixelstrap.com/fastkart/assets/images/product/payment/3.svg]
[themes.pixelstrap.com/fastkart/assets/images/product/payment/4.svg]
[themes.pixelstrap.com/fastkart/assets/images/product/payment/5.svg]
[themes.pixelstrap.com/fastkart/assets/svg/2/1.svg]
[themes.pixelstrap.com/fastkart/assets/svg/2/2.svg]
[themes.pixelstrap.com/fastkart/assets/svg/2/3.svg]
[themes.pixelstrap.com/fastkart/assets/svg/2/4.svg]
[themes.pixelstrap.com/fastkart/assets/svg/2/5.svg]
[themes.pixelstrap.com/fastkart/assets/svg/2/6.svg]
[themes.pixelstrap.com/fastkart/assets/svg/2/7.svg]
[themes.pixelstrap.com/fastkart/assets/svg/2/8.svg]
[themes.pixelstrap.com/fastkart/assets/svg/2/9.svg]
[themes.pixelstrap.com/fastkart/html/www.facebook.html]
[themes.pixelstrap.com/fastkart/assets/css/vendors/ion.rangeSlider.min.css]
[themes.pixelstrap.com/fastkart/assets/css/font-style.css]
[themes.pixelstrap.com/fastkart/assets/images/grocery/bank/price/1.svg]
[themes.pixelstrap.com/fastkart/assets/images/grocery/bank/price/2.svg]
[themes.pixelstrap.com/fastkart/assets/images/grocery/bank/price/3.svg]
[themes.pixelstrap.com/fastkart/assets/images/grocery/circle.svg]
[themes.pixelstrap.com/fastkart/assets/svg/svg/service-icon-4.svg]
[cdnjs.cloudflare.com/ajax/libs/animate.css/4.0.0/animate.compat.css]
[themes.pixelstrap.com/fastkart/assets/svg/3/delivery.svg]
[themes.pixelstrap.com/fastkart/assets/svg/3/leaf.svg]
[themes.pixelstrap.com/fastkart/assets/svg/3/work.svg]
[themes.pixelstrap.com/fastkart/assets/svg/3/buy.svg]
[themes.pixelstrap.com/fastkart/assets/svg/3/user.svg]
[themes.pixelstrap.com/fastkart/assets/images/inner-page/brand-name.svg]
[themes.pixelstrap.com/fastkart/assets/images/svg/order.svg]
[themes.pixelstrap.com/fastkart/assets/images/svg/pending.svg]
[themes.pixelstrap.com/fastkart/assets/images/svg/wishlist.svg]
[themes.pixelstrap.com/fastkart/assets/css/vendors/slick/fonts/slick.svg]
[themes.pixelstrap.com/fastkart/assets/fonts/Iconly-light.svg]
[themes.pixelstrap.com/fastkart/assets/fonts/Iconly-Broken.html]
[themes.pixelstrap.com/fastkart/assets/fonts/Iconly-Bold.svg]
[themes.pixelstrap.com/fastkart/assets/fonts/Iconly-bulk.html]
[themes.pixelstrap.com/fastkart/assets/svg/bag.html]
[themes.pixelstrap.com/fastkart/assets/images/grocery/banner/11-bg.html]
